<?xml version="1.0" encoding="UTF-8"?>
<!-- Generated by org.testng.reporters.JUnitReportReporter -->
<testsuite skipped="0" hostname="LAPTOP-H2QSPOA2" name="com.crm.PRACTICE.ReadDataFromCmdLineTest" tests="1" failures="0" timestamp="17 Feb 2022 07:52:20 GMT" time="0.016" errors="0">
  <testcase name="readdataFromcmdLine" time="0.016" classname="com.crm.PRACTICE.ReadDataFromCmdLineTest"/>
</testsuite> <!-- com.crm.PRACTICE.ReadDataFromCmdLineTest -->
