<?xml version="1.0" encoding="UTF-8"?>
<!-- Generated by org.testng.reporters.JUnitReportReporter -->
<testsuite skipped="0" hostname="LAPTOP-H2QSPOA2" name="com.crm.Products.PaginationTest" tests="1" failures="0" timestamp="19 Feb 2022 10:38:49 GMT" time="24.821" errors="0">
  <testcase name="paginationTest" time="24.821" classname="com.crm.Products.PaginationTest"/>
</testsuite> <!-- com.crm.Products.PaginationTest -->
