<?xml version="1.0" encoding="UTF-8"?>
<!-- Generated by org.testng.reporters.JUnitReportReporter -->
<testsuite skipped="0" hostname="LAPTOP-H2QSPOA2" name="com.crm.PRACTICE.PracticeGenericUtils" tests="1" failures="0" timestamp="21 Feb 2022 08:17:53 GMT" time="0.039" errors="0">
  <testcase name="practice" time="0.039" classname="com.crm.PRACTICE.PracticeGenericUtils"/>
</testsuite> <!-- com.crm.PRACTICE.PracticeGenericUtils -->
