<?xml version="1.0" encoding="UTF-8"?>
<!-- Generated by org.testng.reporters.JUnitReportReporter -->
<testsuite skipped="0" hostname="LAPTOP-H2QSPOA2" name="com.crm.ProductModule.ApproveTheExistingCustomizedFilterTest" tests="1" failures="0" timestamp="20 Feb 2022 04:43:05 GMT" time="18.844" errors="0">
  <testcase name="approveTheExistingCustomizedFilter" time="18.844" classname="com.crm.ProductModule.ApproveTheExistingCustomizedFilterTest"/>
</testsuite> <!-- com.crm.ProductModule.ApproveTheExistingCustomizedFilterTest -->
