<?xml version="1.0" encoding="UTF-8"?>
<!-- Generated by org.testng.reporters.JUnitReportReporter -->
<testsuite skipped="0" hostname="LAPTOP-H2QSPOA2" name="com.crm.ProductModule.EditingCustomViewTest" tests="1" failures="0" timestamp="19 Feb 2022 08:23:32 GMT" time="21.155" errors="0">
  <testcase name="editingCustomViewTest" time="21.155" classname="com.crm.ProductModule.EditingCustomViewTest"/>
</testsuite> <!-- com.crm.ProductModule.EditingCustomViewTest -->
