<?xml version="1.0" encoding="UTF-8"?>
<!-- Generated by org.testng.reporters.JUnitReportReporter -->
<testsuite skipped="0" hostname="LAPTOP-H2QSPOA2" name="com.crm.Products.CreateCampaignwithProductNameTest" tests="1" failures="0" timestamp="24 Feb 2022 11:43:28 GMT" time="35.792" errors="0">
  <testcase name="createCampaignwithProductNameTest" time="35.792" classname="com.crm.Products.CreateCampaignwithProductNameTest"/>
</testsuite> <!-- com.crm.Products.CreateCampaignwithProductNameTest -->
