<?xml version="1.0" encoding="UTF-8"?>
<!-- Generated by org.testng.reporters.JUnitReportReporter -->
<testsuite skipped="0" hostname="LAPTOP-H2QSPOA2" name="com.crm.Products.ApproveTheExistingCustomizedFilterTest" tests="1" failures="0" timestamp="19 Feb 2022 09:38:46 GMT" time="25.065" errors="0">
  <testcase name="approveTheExistingCustomizedFilter" time="25.065" classname="com.crm.Products.ApproveTheExistingCustomizedFilterTest"/>
</testsuite> <!-- com.crm.Products.ApproveTheExistingCustomizedFilterTest -->
