<?xml version="1.0" encoding="UTF-8"?>
<!-- Generated by org.testng.reporters.JUnitReportReporter -->
<testsuite skipped="0" hostname="LAPTOP-H2QSPOA2" name="com.crm.PRACTICE.ReadDataFromExcelSheet" tests="1" failures="0" timestamp="17 Feb 2022 10:49:28 GMT" time="1.139" errors="0">
  <testcase name="readDataFromExcelSheet" time="1.139" classname="com.crm.PRACTICE.ReadDataFromExcelSheet"/>
</testsuite> <!-- com.crm.PRACTICE.ReadDataFromExcelSheet -->
