<?xml version="1.0" encoding="UTF-8"?>
<!-- Generated by org.testng.reporters.JUnitReportReporter -->
<testsuite skipped="0" hostname="LAPTOP-H2QSPOA2" name="com.crm.OpportunitiesModule.CreateOpportunitiesWithContactsAndCampaignTest" tests="1" failures="0" timestamp="04 Mar 2022 09:29:50 GMT" time="42.676" errors="0">
  <testcase name="createOpportunitiesWithContactsAndCampaign" time="42.676" classname="com.crm.OpportunitiesModule.CreateOpportunitiesWithContactsAndCampaignTest"/>
</testsuite> <!-- com.crm.OpportunitiesModule.CreateOpportunitiesWithContactsAndCampaignTest -->
