<?xml version="1.0" encoding="UTF-8"?>
<!-- Generated by org.testng.reporters.JUnitReportReporter -->
<testsuite skipped="0" hostname="LAPTOP-H2QSPOA2" name="com.crm.PRACTICE.PracticeTestNG" tests="6" failures="0" timestamp="28 Feb 2022 06:50:01 GMT" time="0.017" errors="0">
  <testcase name="createOrg" time="0.017" classname="com.crm.PRACTICE.PracticeTestNG"/>
  <testcase name="createOrg" time="0.000" classname="com.crm.PRACTICE.PracticeTestNG"/>
  <testcase name="createOrg" time="0.000" classname="com.crm.PRACTICE.PracticeTestNG"/>
  <testcase name="createOrg" time="0.000" classname="com.crm.PRACTICE.PracticeTestNG"/>
  <testcase name="modifyOrg" time="0.000" classname="com.crm.PRACTICE.PracticeTestNG"/>
  <testcase name="deleteOrg" time="0.000" classname="com.crm.PRACTICE.PracticeTestNG"/>
</testsuite> <!-- com.crm.PRACTICE.PracticeTestNG -->
