<?xml version="1.0" encoding="UTF-8"?>
<!-- Generated by org.testng.reporters.JUnitReportReporter -->
<testsuite skipped="0" hostname="LAPTOP-H2QSPOA2" name="com.crm.OrganizationTest.CreateOrganizationWithIndustryDropdownAndTypeDropdownTest" tests="2" failures="0" timestamp="03 Mar 2022 18:07:58 GMT" time="65.154" errors="0">
  <testcase name="createOrganizationWithIndustryDropdownAndTypeDropdown" time="36.026" classname="com.crm.OrganizationTest.CreateOrganizationWithIndustryDropdownAndTypeDropdownTest"/>
  <testcase name="createOrganizationWithIndustryDropdownAndTypeDropdown" time="29.128" classname="com.crm.OrganizationTest.CreateOrganizationWithIndustryDropdownAndTypeDropdownTest"/>
</testsuite> <!-- com.crm.OrganizationTest.CreateOrganizationWithIndustryDropdownAndTypeDropdownTest -->
