<?xml version="1.0" encoding="UTF-8"?>
<!-- Generated by org.testng.reporters.JUnitReportReporter -->
<testsuite skipped="0" hostname="LAPTOP-H2QSPOA2" name="com.crm.PRACTICE.SummerDresses" tests="1" failures="0" timestamp="10 May 2022 22:31:24 GMT" time="25967.230" errors="0">
  <testcase name="test1" time="25967.230" classname="com.crm.PRACTICE.SummerDresses"/>
</testsuite> <!-- com.crm.PRACTICE.SummerDresses -->
