<?xml version="1.0" encoding="UTF-8"?>
<!-- Generated by org.testng.reporters.JUnitReportReporter -->
<testsuite skipped="0" hostname="LAPTOP-H2QSPOA2" name="com.crm.ProductModule.InvalidSecnarioForProductImageTest" tests="1" failures="0" timestamp="19 Feb 2022 15:33:57 GMT" time="36.997" errors="0">
  <testcase name="invalidSecnarioForProductImage" time="36.997" classname="com.crm.ProductModule.InvalidSecnarioForProductImageTest"/>
</testsuite> <!-- com.crm.ProductModule.InvalidSecnarioForProductImageTest -->
