<?xml version="1.0" encoding="UTF-8"?>
<!-- Generated by org.testng.reporters.JUnitReportReporter -->
<testsuite skipped="0" hostname="LAPTOP-H2QSPOA2" name="com.crm.PRACTICE.SampleJDBCExecuteUpdate" tests="1" failures="0" timestamp="17 Feb 2022 04:58:34 GMT" time="0.333" errors="0">
  <testcase name="sampleJDBCExecuteUpdate" time="0.333" classname="com.crm.PRACTICE.SampleJDBCExecuteUpdate"/>
</testsuite> <!-- com.crm.PRACTICE.SampleJDBCExecuteUpdate -->
