<?xml version="1.0" encoding="UTF-8"?>
<!-- Generated by org.testng.reporters.JUnitReportReporter -->
<testsuite skipped="0" hostname="LAPTOP-H2QSPOA2" name="com.crm.ContactsTest.CreateContactsTest" tests="1" failures="0" timestamp="01 May 2022 10:34:52 GMT" time="36.186" errors="0">
  <testcase name="createContactsTest" time="36.186" classname="com.crm.ContactsTest.CreateContactsTest"/>
</testsuite> <!-- com.crm.ContactsTest.CreateContactsTest -->
