<?xml version="1.0" encoding="UTF-8"?>
<!-- Generated by org.testng.reporters.JUnitReportReporter -->
<testsuite skipped="0" hostname="LAPTOP-H2QSPOA2" name="com.crm.ProductModule.InvalidSecnarioForQtyInStockTest" tests="1" failures="0" timestamp="19 Feb 2022 15:16:34 GMT" time="29.670" errors="0">
  <testcase name="invalidSecnarioForQtyInStock" time="29.670" classname="com.crm.ProductModule.InvalidSecnarioForQtyInStockTest"/>
</testsuite> <!-- com.crm.ProductModule.InvalidSecnarioForQtyInStockTest -->
