<?xml version="1.0" encoding="UTF-8"?>
<!-- Generated by org.testng.reporters.JUnitReportReporter -->
<testsuite skipped="0" hostname="LAPTOP-H2QSPOA2" name="com.crm.PRACTICE.DataVerificationInDB" tests="1" failures="0" timestamp="16 Feb 2022 17:03:53 GMT" time="0.344" errors="0">
  <testcase name="dataverification" time="0.344" classname="com.crm.PRACTICE.DataVerificationInDB"/>
</testsuite> <!-- com.crm.PRACTICE.DataVerificationInDB -->
