<?xml version="1.0" encoding="UTF-8"?>
<!-- Generated by org.testng.reporters.JUnitReportReporter -->
<testsuite skipped="0" hostname="LAPTOP-H2QSPOA2" name="com.crm.Opportunities.AdvancedSearchTC36Test" tests="1" failures="0" timestamp="21 Feb 2022 05:12:41 GMT" time="26.346" errors="0">
  <testcase name="advancedSearchTC36" time="26.346" classname="com.crm.Opportunities.AdvancedSearchTC36Test"/>
</testsuite> <!-- com.crm.Opportunities.AdvancedSearchTC36Test -->
