<?xml version="1.0" encoding="UTF-8"?>
<!-- Generated by org.testng.reporters.JUnitReportReporter -->
<testsuite skipped="0" hostname="LAPTOP-H2QSPOA2" name="com.crm.OrganizationTest.CreateOrganizationwithPropertyfile" tests="1" failures="0" timestamp="16 Feb 2022 16:23:27 GMT" time="15.292" errors="0">
  <testcase name="createorganizationwithpropertyfile" time="15.292" classname="com.crm.OrganizationTest.CreateOrganizationwithPropertyfile"/>
</testsuite> <!-- com.crm.OrganizationTest.CreateOrganizationwithPropertyfile -->
