<?xml version="1.0" encoding="UTF-8"?>
<!-- Generated by org.testng.reporters.JUnitReportReporter -->
<testsuite skipped="0" hostname="LAPTOP-H2QSPOA2" name="com.crm.ProductModule.PaginationTest" tests="1" failures="0" timestamp="21 Feb 2022 14:53:18 GMT" time="24.777" errors="0">
  <testcase name="paginationTest" time="24.777" classname="com.crm.ProductModule.PaginationTest"/>
</testsuite> <!-- com.crm.ProductModule.PaginationTest -->
