<?xml version="1.0" encoding="UTF-8"?>
<!-- Generated by org.testng.reporters.JUnitReportReporter -->
<testsuite skipped="0" hostname="LAPTOP-H2QSPOA2" name="com.crm.ContactsTest.CreateContactWithOrganisationTest" tests="1" failures="0" timestamp="02 Mar 2022 06:08:06 GMT" time="31.416" errors="0">
  <testcase name="createContactsTest" time="31.416" classname="com.crm.ContactsTest.CreateContactWithOrganisationTest"/>
</testsuite> <!-- com.crm.ContactsTest.CreateContactWithOrganisationTest -->
