<?xml version="1.0" encoding="UTF-8"?>
<!-- Generated by org.testng.reporters.JUnitReportReporter -->
<testsuite skipped="0" hostname="LAPTOP-H2QSPOA2" name="com.crm.PRACTICE.WriteDataFRomExcelSheetTest" tests="1" failures="0" timestamp="17 Feb 2022 10:57:13 GMT" time="1.355" errors="0">
  <testcase name="readDataFromExcelSheet" time="1.355" classname="com.crm.PRACTICE.WriteDataFRomExcelSheetTest"/>
</testsuite> <!-- com.crm.PRACTICE.WriteDataFRomExcelSheetTest -->
