<?xml version="1.0" encoding="UTF-8"?>
<!-- Generated by org.testng.reporters.JUnitReportReporter -->
<testsuite skipped="0" hostname="LAPTOP-H2QSPOA2" name="com.crm.PRACTICE.SampleJDBCExecuteQuery" tests="1" failures="0" timestamp="16 Feb 2022 07:14:22 GMT" time="0.373" errors="0">
  <testcase name="sampleJDBCExecuteQuery" time="0.373" classname="com.crm.PRACTICE.SampleJDBCExecuteQuery"/>
</testsuite> <!-- com.crm.PRACTICE.SampleJDBCExecuteQuery -->
