<?xml version="1.0" encoding="UTF-8"?>
<!-- Generated by org.testng.reporters.JUnitReportReporter -->
<testsuite skipped="0" hostname="LAPTOP-H2QSPOA2" name="com.crm.OrganizationTest.CreatingOraganizationUsingDataProvider" tests="6" failures="0" timestamp="28 Feb 2022 17:12:53 GMT" time="159.881" errors="0">
  <testcase name="creatingNewOrgUsingDataProvider" time="27.737" classname="com.crm.OrganizationTest.CreatingOraganizationUsingDataProvider"/>
  <testcase name="creatingNewOrgUsingDataProvider" time="26.748" classname="com.crm.OrganizationTest.CreatingOraganizationUsingDataProvider"/>
  <testcase name="creatingNewOrgUsingDataProvider" time="26.735" classname="com.crm.OrganizationTest.CreatingOraganizationUsingDataProvider"/>
  <testcase name="creatingNewOrgUsingDataProvider" time="26.883" classname="com.crm.OrganizationTest.CreatingOraganizationUsingDataProvider"/>
  <testcase name="creatingNewOrgUsingDataProvider" time="25.976" classname="com.crm.OrganizationTest.CreatingOraganizationUsingDataProvider"/>
  <testcase name="creatingNewOrgUsingDataProvider" time="25.802" classname="com.crm.OrganizationTest.CreatingOraganizationUsingDataProvider"/>
</testsuite> <!-- com.crm.OrganizationTest.CreatingOraganizationUsingDataProvider -->
