<?xml version="1.0" encoding="UTF-8"?>
<!-- Generated by org.testng.reporters.JUnitReportReporter -->
<testsuite skipped="0" hostname="LAPTOP-H2QSPOA2" name="com.crm.ProductModule.ExportProductsWithExportWithSearchTest" tests="1" failures="0" timestamp="19 Feb 2022 14:40:07 GMT" time="31.250" errors="0">
  <testcase name="exportProductsWithExportWithSearch" time="31.250" classname="com.crm.ProductModule.ExportProductsWithExportWithSearchTest"/>
</testsuite> <!-- com.crm.ProductModule.ExportProductsWithExportWithSearchTest -->
