<?xml version="1.0" encoding="UTF-8"?>
<!-- Generated by org.testng.reporters.JUnitReportReporter -->
<testsuite skipped="0" hostname="LAPTOP-H2QSPOA2" name="com.crm.PRACTICE.DataProviderPractice" tests="10" failures="0" timestamp="28 Feb 2022 17:07:16 GMT" time="0.024" errors="0">
  <testcase name="sampleDataProvider1" time="0.001" classname="com.crm.PRACTICE.DataProviderPractice"/>
  <testcase name="sampleDataProvider1" time="0.002" classname="com.crm.PRACTICE.DataProviderPractice"/>
  <testcase name="sampleDataProvider1" time="0.014" classname="com.crm.PRACTICE.DataProviderPractice"/>
  <testcase name="sampleDataProvider1" time="0.001" classname="com.crm.PRACTICE.DataProviderPractice"/>
  <testcase name="sampleDataProvider2" time="0.001" classname="com.crm.PRACTICE.DataProviderPractice"/>
  <testcase name="sampleDataProvider2" time="0.001" classname="com.crm.PRACTICE.DataProviderPractice"/>
  <testcase name="sampleDataProvider2" time="0.001" classname="com.crm.PRACTICE.DataProviderPractice"/>
  <testcase name="sampleDataProvider2" time="0.001" classname="com.crm.PRACTICE.DataProviderPractice"/>
  <testcase name="sampleDataProvider2" time="0.001" classname="com.crm.PRACTICE.DataProviderPractice"/>
  <testcase name="sampleDataProvider2" time="0.001" classname="com.crm.PRACTICE.DataProviderPractice"/>
</testsuite> <!-- com.crm.PRACTICE.DataProviderPractice -->
