<?xml version="1.0" encoding="UTF-8"?>
<!-- Generated by org.testng.reporters.JUnitReportReporter -->
<testsuite skipped="0" hostname="LAPTOP-H2QSPOA2" name="com.crm.PRACTICE.ReadDataFromXmlFileTest" tests="1" failures="0" timestamp="17 Feb 2022 11:31:04 GMT" time="0.007" errors="0">
  <testcase name="readDataFromXmlFile" time="0.007" classname="com.crm.PRACTICE.ReadDataFromXmlFileTest"/>
</testsuite> <!-- com.crm.PRACTICE.ReadDataFromXmlFileTest -->
