<?xml version="1.0" encoding="UTF-8"?>
<!-- Generated by org.testng.reporters.JUnitReportReporter -->
<testsuite skipped="0" hostname="LAPTOP-H2QSPOA2" name="com.crm.Products.DelectTheExistingCustomizedFilterTest" tests="1" failures="0" timestamp="19 Feb 2022 09:10:17 GMT" time="23.075" errors="0">
  <testcase name="editingCustomViewTest" time="23.075" classname="com.crm.Products.DelectTheExistingCustomizedFilterTest"/>
</testsuite> <!-- com.crm.Products.DelectTheExistingCustomizedFilterTest -->
