<?xml version="1.0" encoding="UTF-8"?>
<!-- Generated by org.testng.reporters.JUnitReportReporter -->
<testsuite skipped="0" hostname="LAPTOP-H2QSPOA2" name="com.crm.ProductModule.ExportProductsByExportRecordsTypeTest" tests="1" failures="0" timestamp="19 Feb 2022 14:53:25 GMT" time="25.972" errors="0">
  <testcase name="exportProductsByExportAllData" time="25.972" classname="com.crm.ProductModule.ExportProductsByExportRecordsTypeTest"/>
</testsuite> <!-- com.crm.ProductModule.ExportProductsByExportRecordsTypeTest -->
