<?xml version="1.0" encoding="UTF-8"?>
<!-- Generated by org.testng.reporters.JUnitReportReporter -->
<testsuite skipped="3" hostname="LAPTOP-H2QSPOA2" name="com.crm.PRACTICE.CheckallCkBxInOrg" tests="4" failures="0" timestamp="08 Mar 2022 09:48:44 GMT" time="25.911" errors="0">
  <testcase name="deleteFifthContact" time="25.911" classname="com.crm.PRACTICE.CheckallCkBxInOrg"/>
  <testcase name="checklastCkBxInContacts" classname="com.crm.PRACTICE.CheckallCkBxInOrg">
    <skipped/>
  </testcase> <!-- checklastCkBxInContacts -->
  <testcase name="checkallCkBxInOrg" classname="com.crm.PRACTICE.CheckallCkBxInOrg">
    <skipped/>
  </testcase> <!-- checkallCkBxInOrg -->
  <testcase name="allTheLastName" classname="com.crm.PRACTICE.CheckallCkBxInOrg">
    <skipped/>
  </testcase> <!-- allTheLastName -->
</testsuite> <!-- com.crm.PRACTICE.CheckallCkBxInOrg -->
