<?xml version="1.0" encoding="UTF-8"?>
<!-- Generated by org.testng.reporters.JUnitReportReporter -->
<testsuite skipped="0" hostname="LAPTOP-H2QSPOA2" name="demoTest.demoTest" tests="1" failures="0" timestamp="17 Feb 2022 10:25:40 GMT" time="0.019" errors="0">
  <testcase name="demo" time="0.019" classname="demoTest.demoTest"/>
</testsuite> <!-- demoTest.demoTest -->
