<?xml version="1.0" encoding="UTF-8"?>
<!-- Generated by org.testng.reporters.JUnitReportReporter -->
<testsuite skipped="0" hostname="LAPTOP-H2QSPOA2" name="com.crm.Products.DenyTheExistingCustomizedFilterTest" tests="1" failures="0" timestamp="19 Feb 2022 09:47:21 GMT" time="24.583" errors="0">
  <testcase name="denyTheExistingCustomizedFilter" time="24.583" classname="com.crm.Products.DenyTheExistingCustomizedFilterTest"/>
</testsuite> <!-- com.crm.Products.DenyTheExistingCustomizedFilterTest -->
